

================================================================
== Vitis HLS Report for 'Conv_Pipeline_Input_Channel'
================================================================
* Date:           Wed Mar 30 16:10:58 2022

* Version:        2021.1 (Build 3247384 on Thu Jun 10 19:36:33 MDT 2021)
* Project:        conv_core
* Solution:       solution1 (Vivado IP Flow Target)
* Product family: zynquplus
* Target device:  xck26-sfvc784-2LV-c


================================================================
== Performance Estimates
================================================================
+ Timing: 
    * Summary: 
    +--------+----------+----------+------------+
    |  Clock |  Target  | Estimated| Uncertainty|
    +--------+----------+----------+------------+
    |ap_clk  |  10.00 ns|  7.300 ns|     2.70 ns|
    +--------+----------+----------+------------+

+ Latency: 
    * Summary: 
    +---------+---------+-----------+----------+-----+--------+---------+
    |  Latency (cycles) |  Latency (absolute)  |   Interval   | Pipeline|
    |   min   |   max   |    min    |    max   | min |   max  |   Type  |
    +---------+---------+-----------+----------+-----+--------+---------+
    |        2|   196620|  20.000 ns|  1.966 ms|    2|  196620|       no|
    +---------+---------+-----------+----------+-----+--------+---------+

    + Detail: 
        * Instance: 
        N/A

        * Loop: 
        +-----------------+---------+---------+----------+-----------+-----------+-----------+----------+
        |                 |  Latency (cycles) | Iteration|  Initiation Interval  |    Trip   |          |
        |    Loop Name    |   min   |   max   |  Latency |  achieved |   target  |   Count   | Pipelined|
        +-----------------+---------+---------+----------+-----------+-----------+-----------+----------+
        |- Input_Channel  |        0|   196618|        17|          3|          1|  0 ~ 65535|       yes|
        +-----------------+---------+---------+----------+-----------+-----------+-----------+----------+



================================================================
== Utilization Estimates
================================================================
* Summary: 
+-----------------+---------+------+--------+--------+-----+
|       Name      | BRAM_18K|  DSP |   FF   |   LUT  | URAM|
+-----------------+---------+------+--------+--------+-----+
|DSP              |        -|     -|       -|       -|    -|
|Expression       |        -|     -|       0|     320|    -|
|FIFO             |        -|     -|       -|       -|    -|
|Instance         |        -|     3|     128|     135|    -|
|Memory           |        -|     -|       -|       -|    -|
|Multiplexer      |        -|     -|       -|     169|    -|
|Register         |        -|     -|     415|      32|    -|
+-----------------+---------+------+--------+--------+-----+
|Total            |        0|     3|     543|     656|    0|
+-----------------+---------+------+--------+--------+-----+
|Available        |      288|  1248|  234240|  117120|   64|
+-----------------+---------+------+--------+--------+-----+
|Utilization (%)  |        0|    ~0|      ~0|      ~0|    0|
+-----------------+---------+------+--------+--------+-----+

+ Detail: 
    * Instance: 
    +----------------------------------+-------------------------------+---------+----+-----+-----+-----+
    |             Instance             |             Module            | BRAM_18K| DSP|  FF | LUT | URAM|
    +----------------------------------+-------------------------------+---------+----+-----+-----+-----+
    |fmul_32ns_32ns_32_3_max_dsp_1_U2  |fmul_32ns_32ns_32_3_max_dsp_1  |        0|   3|  128|  135|    0|
    +----------------------------------+-------------------------------+---------+----+-----+-----+-----+
    |Total                             |                               |        0|   3|  128|  135|    0|
    +----------------------------------+-------------------------------+---------+----+-----+-----+-----+

    * DSP: 
    N/A

    * Memory: 
    N/A

    * FIFO: 
    N/A

    * Expression: 
    +---------------------------+----------+----+---+----+------------+------------+
    |       Variable Name       | Operation| DSP| FF| LUT| Bitwidth P0| Bitwidth P1|
    +---------------------------+----------+----+---+----+------------+------------+
    |add_ln1524_fu_245_p2       |         +|   0|  0|  39|          32|          32|
    |add_ln573_1_fu_259_p2      |         +|   0|  0|  55|          48|          48|
    |add_ln573_fu_250_p2        |         +|   0|  0|  39|          32|          32|
    |add_ln66_1_fu_276_p2       |         +|   0|  0|  71|          64|          64|
    |add_ln66_fu_221_p2         |         +|   0|  0|  70|          63|          63|
    |cin_fu_211_p2              |         +|   0|  0|  23|          16|           1|
    |ap_block_pp0_stage0_11001  |       and|   0|  0|   2|           1|           1|
    |ap_block_pp0_stage1_11001  |       and|   0|  0|   2|           1|           1|
    |ap_block_state2_io         |       and|   0|  0|   2|           1|           1|
    |icmp_ln1057_fu_205_p2      |      icmp|   0|  0|  13|          16|          16|
    |ap_block_pp0_stage2_11001  |        or|   0|  0|   2|           1|           1|
    |ap_enable_pp0              |       xor|   0|  0|   2|           1|           2|
    +---------------------------+----------+----+---+----+------------+------------+
    |Total                      |          |   0|  0| 320|         276|         262|
    +---------------------------+----------+----+---+----+------------+------------+

    * Multiplexer: 
    +----------------------------------+----+-----------+-----+-----------+
    |               Name               | LUT| Input Size| Bits| Total Bits|
    +----------------------------------+----+-----------+-----+-----------+
    |ap_NS_fsm                         |  20|          4|    1|          4|
    |ap_done_int                       |   9|          2|    1|          2|
    |ap_enable_reg_pp0_iter0           |   9|          2|    1|          2|
    |ap_enable_reg_pp0_iter1           |   9|          2|    1|          2|
    |ap_enable_reg_pp0_iter5           |   9|          2|    1|          2|
    |ap_loop_exit_ready_pp0_iter1_reg  |   9|          2|    1|          2|
    |ap_loop_exit_ready_pp0_iter2_reg  |   9|          2|    1|          2|
    |ap_loop_exit_ready_pp0_iter3_reg  |   9|          2|    1|          2|
    |ap_loop_exit_ready_pp0_iter4_reg  |   9|          2|    1|          2|
    |ap_sig_allocacmp_cin_1            |   9|          2|   16|         32|
    |ap_sig_allocacmp_sum_load_1       |   9|          2|   32|         64|
    |gmem_blk_n_AR                     |   9|          2|    1|          2|
    |gmem_blk_n_R                      |   9|          2|    1|          2|
    |lhs_V_fu_90                       |   9|          2|   16|         32|
    |m_axi_gmem_ARADDR                 |  14|          3|   64|        192|
    |ret_fu_82                         |   9|          2|   32|         64|
    |sum_fu_86                         |   9|          2|   32|         64|
    +----------------------------------+----+-----------+-----+-----------+
    |Total                             | 169|         37|  203|        472|
    +----------------------------------+----+-----------+-----+-----------+

    * Register: 
    +----------------------------------+----+----+-----+-----------+
    |               Name               | FF | LUT| Bits| Const Bits|
    +----------------------------------+----+----+-----+-----------+
    |CHout_cast6_cast_reg_364          |  16|   0|   32|         16|
    |ap_CS_fsm                         |   3|   0|    3|          0|
    |ap_done_reg                       |   1|   0|    1|          0|
    |ap_enable_reg_pp0_iter0_reg       |   1|   0|    1|          0|
    |ap_enable_reg_pp0_iter1           |   1|   0|    1|          0|
    |ap_enable_reg_pp0_iter2           |   1|   0|    1|          0|
    |ap_enable_reg_pp0_iter3           |   1|   0|    1|          0|
    |ap_enable_reg_pp0_iter4           |   1|   0|    1|          0|
    |ap_enable_reg_pp0_iter5           |   1|   0|    1|          0|
    |ap_loop_exit_ready_pp0_iter1_reg  |   1|   0|    1|          0|
    |ap_loop_exit_ready_pp0_iter2_reg  |   1|   0|    1|          0|
    |ap_loop_exit_ready_pp0_iter3_reg  |   1|   0|    1|          0|
    |ap_loop_exit_ready_pp0_iter4_reg  |   1|   0|    1|          0|
    |gmem_addr_1_read_reg_390          |  32|   0|   32|          0|
    |gmem_addr_1_reg_379               |  64|   0|   64|          0|
    |gmem_addr_read_reg_385            |  32|   0|   32|          0|
    |gmem_addr_reg_373                 |  64|   0|   64|          0|
    |icmp_ln1057_reg_369               |   1|   0|    1|          0|
    |lhs_V_fu_90                       |  16|   0|   16|          0|
    |ret_fu_82                         |  32|   0|   32|          0|
    |sum_fu_86                         |  32|   0|   32|          0|
    |tp_reg_405                        |  32|   0|   32|          0|
    |zext_ln1057_1_cast_reg_359        |  16|   0|   32|         16|
    |icmp_ln1057_reg_369               |  64|  32|    1|          0|
    +----------------------------------+----+----+-----+-----------+
    |Total                             | 415|  32|  384|         32|
    +----------------------------------+----+----+-----+-----------+



================================================================
== Interface
================================================================
* Summary: 
+---------------------+-----+-----+------------+-----------------------------+--------------+
|      RTL Ports      | Dir | Bits|  Protocol  |        Source Object        |    C Type    |
+---------------------+-----+-----+------------+-----------------------------+--------------+
|ap_clk               |   in|    1|  ap_ctrl_hs|  Conv_Pipeline_Input_Channel|  return value|
|ap_rst               |   in|    1|  ap_ctrl_hs|  Conv_Pipeline_Input_Channel|  return value|
|ap_start             |   in|    1|  ap_ctrl_hs|  Conv_Pipeline_Input_Channel|  return value|
|ap_done              |  out|    1|  ap_ctrl_hs|  Conv_Pipeline_Input_Channel|  return value|
|ap_idle              |  out|    1|  ap_ctrl_hs|  Conv_Pipeline_Input_Channel|  return value|
|ap_ready             |  out|    1|  ap_ctrl_hs|  Conv_Pipeline_Input_Channel|  return value|
|grp_fu_399_p_din0    |  out|   32|  ap_ctrl_hs|  Conv_Pipeline_Input_Channel|  return value|
|grp_fu_399_p_din1    |  out|   32|  ap_ctrl_hs|  Conv_Pipeline_Input_Channel|  return value|
|grp_fu_399_p_opcode  |  out|    2|  ap_ctrl_hs|  Conv_Pipeline_Input_Channel|  return value|
|grp_fu_399_p_dout0   |   in|   32|  ap_ctrl_hs|  Conv_Pipeline_Input_Channel|  return value|
|grp_fu_399_p_ce      |  out|    1|  ap_ctrl_hs|  Conv_Pipeline_Input_Channel|  return value|
|m_axi_gmem_AWVALID   |  out|    1|       m_axi|                         gmem|       pointer|
|m_axi_gmem_AWREADY   |   in|    1|       m_axi|                         gmem|       pointer|
|m_axi_gmem_AWADDR    |  out|   64|       m_axi|                         gmem|       pointer|
|m_axi_gmem_AWID      |  out|    1|       m_axi|                         gmem|       pointer|
|m_axi_gmem_AWLEN     |  out|   32|       m_axi|                         gmem|       pointer|
|m_axi_gmem_AWSIZE    |  out|    3|       m_axi|                         gmem|       pointer|
|m_axi_gmem_AWBURST   |  out|    2|       m_axi|                         gmem|       pointer|
|m_axi_gmem_AWLOCK    |  out|    2|       m_axi|                         gmem|       pointer|
|m_axi_gmem_AWCACHE   |  out|    4|       m_axi|                         gmem|       pointer|
|m_axi_gmem_AWPROT    |  out|    3|       m_axi|                         gmem|       pointer|
|m_axi_gmem_AWQOS     |  out|    4|       m_axi|                         gmem|       pointer|
|m_axi_gmem_AWREGION  |  out|    4|       m_axi|                         gmem|       pointer|
|m_axi_gmem_AWUSER    |  out|    1|       m_axi|                         gmem|       pointer|
|m_axi_gmem_WVALID    |  out|    1|       m_axi|                         gmem|       pointer|
|m_axi_gmem_WREADY    |   in|    1|       m_axi|                         gmem|       pointer|
|m_axi_gmem_WDATA     |  out|   32|       m_axi|                         gmem|       pointer|
|m_axi_gmem_WSTRB     |  out|    4|       m_axi|                         gmem|       pointer|
|m_axi_gmem_WLAST     |  out|    1|       m_axi|                         gmem|       pointer|
|m_axi_gmem_WID       |  out|    1|       m_axi|                         gmem|       pointer|
|m_axi_gmem_WUSER     |  out|    1|       m_axi|                         gmem|       pointer|
|m_axi_gmem_ARVALID   |  out|    1|       m_axi|                         gmem|       pointer|
|m_axi_gmem_ARREADY   |   in|    1|       m_axi|                         gmem|       pointer|
|m_axi_gmem_ARADDR    |  out|   64|       m_axi|                         gmem|       pointer|
|m_axi_gmem_ARID      |  out|    1|       m_axi|                         gmem|       pointer|
|m_axi_gmem_ARLEN     |  out|   32|       m_axi|                         gmem|       pointer|
|m_axi_gmem_ARSIZE    |  out|    3|       m_axi|                         gmem|       pointer|
|m_axi_gmem_ARBURST   |  out|    2|       m_axi|                         gmem|       pointer|
|m_axi_gmem_ARLOCK    |  out|    2|       m_axi|                         gmem|       pointer|
|m_axi_gmem_ARCACHE   |  out|    4|       m_axi|                         gmem|       pointer|
|m_axi_gmem_ARPROT    |  out|    3|       m_axi|                         gmem|       pointer|
|m_axi_gmem_ARQOS     |  out|    4|       m_axi|                         gmem|       pointer|
|m_axi_gmem_ARREGION  |  out|    4|       m_axi|                         gmem|       pointer|
|m_axi_gmem_ARUSER    |  out|    1|       m_axi|                         gmem|       pointer|
|m_axi_gmem_RVALID    |   in|    1|       m_axi|                         gmem|       pointer|
|m_axi_gmem_RREADY    |  out|    1|       m_axi|                         gmem|       pointer|
|m_axi_gmem_RDATA     |   in|   32|       m_axi|                         gmem|       pointer|
|m_axi_gmem_RLAST     |   in|    1|       m_axi|                         gmem|       pointer|
|m_axi_gmem_RID       |   in|    1|       m_axi|                         gmem|       pointer|
|m_axi_gmem_RUSER     |   in|    1|       m_axi|                         gmem|       pointer|
|m_axi_gmem_RRESP     |   in|    2|       m_axi|                         gmem|       pointer|
|m_axi_gmem_BVALID    |   in|    1|       m_axi|                         gmem|       pointer|
|m_axi_gmem_BREADY    |  out|    1|       m_axi|                         gmem|       pointer|
|m_axi_gmem_BRESP     |   in|    2|       m_axi|                         gmem|       pointer|
|m_axi_gmem_BID       |   in|    1|       m_axi|                         gmem|       pointer|
|m_axi_gmem_BUSER     |   in|    1|       m_axi|                         gmem|       pointer|
|sum_1                |   in|   32|     ap_none|                        sum_1|        scalar|
|CHin                 |   in|   16|     ap_none|                         CHin|        scalar|
|trunc_ln59_cast      |   in|   62|     ap_none|              trunc_ln59_cast|        scalar|
|CHout_cast6          |   in|   16|     ap_none|                  CHout_cast6|        scalar|
|zext_ln1057_1        |   in|   16|     ap_none|                zext_ln1057_1|        scalar|
|tmp9                 |   in|   48|     ap_none|                         tmp9|        scalar|
|W                    |   in|   64|     ap_none|                            W|        scalar|
|sum_2_out            |  out|   32|      ap_vld|                    sum_2_out|       pointer|
|sum_2_out_ap_vld     |  out|    1|      ap_vld|                    sum_2_out|       pointer|
+---------------------+-----+-----+------------+-----------------------------+--------------+

