
*** Running vivado
    with args -log design_1_auto_pc_0.vds -m64 -product Vivado -mode batch -messageDb vivado.pb -notrace -source design_1_auto_pc_0.tcl



****** Vivado v2021.1 (64-bit)
  **** SW Build 3247384 on Thu Jun 10 19:36:33 MDT 2021
  **** IP Build 3246043 on Fri Jun 11 00:30:35 MDT 2021
    ** Copyright 1986-2021 Xilinx, Inc. All Rights Reserved.

source design_1_auto_pc_0.tcl -notrace
create_project: Time (s): cpu = 00:00:02 ; elapsed = 00:00:05 . Memory (MB): peak = 1200.250 ; gain = 0.000
INFO: [IP_Flow 19-234] Refreshing IP repositories
INFO: [IP_Flow 19-1700] Loaded user IP repository 'g:/source/board/conv_core/solution1/conv_core'.
INFO: [IP_Flow 19-2313] Loaded Vivado IP repository 'E:/vivado/Vivado/2021.1/data/ip'.
Command: synth_design -top design_1_auto_pc_0 -part xck26-sfvc784-2LV-c -mode out_of_context
Starting synth_design
Attempting to get a license for feature 'Synthesis' and/or device 'xck26'
INFO: [Common 17-349] Got license for feature 'Synthesis' and/or device 'xck26'
INFO: [Device 21-403] Loading part xck26-sfvc784-2LV-c
INFO: [Synth 8-7079] Multithreading enabled for synth_design using a maximum of 2 processes.
INFO: [Synth 8-7078] Launching helper process for spawning children vivado processes
INFO: [Synth 8-7075] Helper process launched with PID 7580
---------------------------------------------------------------------------------
Starting RTL Elaboration : Time (s): cpu = 00:00:11 ; elapsed = 00:00:20 . Memory (MB): peak = 1584.691 ; gain = 129.012
---------------------------------------------------------------------------------
INFO: [Synth 8-6157] synthesizing module 'design_1_auto_pc_0' [g:/source/board/cnn_vivado/cnn_vivado.gen/sources_1/bd/design_1/ip/design_1_auto_pc_0/synth/design_1_auto_pc_0.v:58]
INFO: [Synth 8-6157] synthesizing module 'axi_protocol_converter_v2_1_24_axi_protocol_converter' [g:/source/board/cnn_vivado/cnn_vivado.gen/sources_1/bd/design_1/ipshared/6e0d/hdl/axi_protocol_converter_v2_1_vl_rfs.v:4808]
INFO: [Synth 8-6157] synthesizing module 'axi_protocol_converter_v2_1_24_b2s' [g:/source/board/cnn_vivado/cnn_vivado.gen/sources_1/bd/design_1/ipshared/6e0d/hdl/axi_protocol_converter_v2_1_vl_rfs.v:4226]
INFO: [Synth 8-6157] synthesizing module 'axi_protocol_converter_v2_1_24_b2s_aw_channel' [g:/source/board/cnn_vivado/cnn_vivado.gen/sources_1/bd/design_1/ipshared/6e0d/hdl/axi_protocol_converter_v2_1_vl_rfs.v:3971]
INFO: [Synth 8-6157] synthesizing module 'axi_protocol_converter_v2_1_24_b2s_cmd_translator' [g:/source/board/cnn_vivado/cnn_vivado.gen/sources_1/bd/design_1/ipshared/6e0d/hdl/axi_protocol_converter_v2_1_vl_rfs.v:3464]
INFO: [Synth 8-6157] synthesizing module 'axi_protocol_converter_v2_1_24_b2s_incr_cmd' [g:/source/board/cnn_vivado/cnn_vivado.gen/sources_1/bd/design_1/ipshared/6e0d/hdl/axi_protocol_converter_v2_1_vl_rfs.v:3092]
INFO: [Synth 8-6155] done synthesizing module 'axi_protocol_converter_v2_1_24_b2s_incr_cmd' (1#1) [g:/source/board/cnn_vivado/cnn_vivado.gen/sources_1/bd/design_1/ipshared/6e0d/hdl/axi_protocol_converter_v2_1_vl_rfs.v:3092]
INFO: [Synth 8-6157] synthesizing module 'axi_protocol_converter_v2_1_24_b2s_wrap_cmd' [g:/source/board/cnn_vivado/cnn_vivado.gen/sources_1/bd/design_1/ipshared/6e0d/hdl/axi_protocol_converter_v2_1_vl_rfs.v:2902]
INFO: [Synth 8-6155] done synthesizing module 'axi_protocol_converter_v2_1_24_b2s_wrap_cmd' (2#1) [g:/source/board/cnn_vivado/cnn_vivado.gen/sources_1/bd/design_1/ipshared/6e0d/hdl/axi_protocol_converter_v2_1_vl_rfs.v:2902]
INFO: [Synth 8-6155] done synthesizing module 'axi_protocol_converter_v2_1_24_b2s_cmd_translator' (3#1) [g:/source/board/cnn_vivado/cnn_vivado.gen/sources_1/bd/design_1/ipshared/6e0d/hdl/axi_protocol_converter_v2_1_vl_rfs.v:3464]
INFO: [Synth 8-6157] synthesizing module 'axi_protocol_converter_v2_1_24_b2s_wr_cmd_fsm' [g:/source/board/cnn_vivado/cnn_vivado.gen/sources_1/bd/design_1/ipshared/6e0d/hdl/axi_protocol_converter_v2_1_vl_rfs.v:3224]
INFO: [Synth 8-226] default block is never used [g:/source/board/cnn_vivado/cnn_vivado.gen/sources_1/bd/design_1/ipshared/6e0d/hdl/axi_protocol_converter_v2_1_vl_rfs.v:3277]
INFO: [Synth 8-6155] done synthesizing module 'axi_protocol_converter_v2_1_24_b2s_wr_cmd_fsm' (4#1) [g:/source/board/cnn_vivado/cnn_vivado.gen/sources_1/bd/design_1/ipshared/6e0d/hdl/axi_protocol_converter_v2_1_vl_rfs.v:3224]
INFO: [Synth 8-6155] done synthesizing module 'axi_protocol_converter_v2_1_24_b2s_aw_channel' (5#1) [g:/source/board/cnn_vivado/cnn_vivado.gen/sources_1/bd/design_1/ipshared/6e0d/hdl/axi_protocol_converter_v2_1_vl_rfs.v:3971]
INFO: [Synth 8-6157] synthesizing module 'axi_protocol_converter_v2_1_24_b2s_b_channel' [g:/source/board/cnn_vivado/cnn_vivado.gen/sources_1/bd/design_1/ipshared/6e0d/hdl/axi_protocol_converter_v2_1_vl_rfs.v:3606]
INFO: [Synth 8-6157] synthesizing module 'axi_protocol_converter_v2_1_24_b2s_simple_fifo' [g:/source/board/cnn_vivado/cnn_vivado.gen/sources_1/bd/design_1/ipshared/6e0d/hdl/axi_protocol_converter_v2_1_vl_rfs.v:2816]
INFO: [Synth 8-6155] done synthesizing module 'axi_protocol_converter_v2_1_24_b2s_simple_fifo' (6#1) [g:/source/board/cnn_vivado/cnn_vivado.gen/sources_1/bd/design_1/ipshared/6e0d/hdl/axi_protocol_converter_v2_1_vl_rfs.v:2816]
INFO: [Synth 8-6157] synthesizing module 'axi_protocol_converter_v2_1_24_b2s_simple_fifo__parameterized0' [g:/source/board/cnn_vivado/cnn_vivado.gen/sources_1/bd/design_1/ipshared/6e0d/hdl/axi_protocol_converter_v2_1_vl_rfs.v:2816]
INFO: [Synth 8-6155] done synthesizing module 'axi_protocol_converter_v2_1_24_b2s_simple_fifo__parameterized0' (6#1) [g:/source/board/cnn_vivado/cnn_vivado.gen/sources_1/bd/design_1/ipshared/6e0d/hdl/axi_protocol_converter_v2_1_vl_rfs.v:2816]
INFO: [Synth 8-6155] done synthesizing module 'axi_protocol_converter_v2_1_24_b2s_b_channel' (7#1) [g:/source/board/cnn_vivado/cnn_vivado.gen/sources_1/bd/design_1/ipshared/6e0d/hdl/axi_protocol_converter_v2_1_vl_rfs.v:3606]
INFO: [Synth 8-6157] synthesizing module 'axi_protocol_converter_v2_1_24_b2s_ar_channel' [g:/source/board/cnn_vivado/cnn_vivado.gen/sources_1/bd/design_1/ipshared/6e0d/hdl/axi_protocol_converter_v2_1_vl_rfs.v:4082]
INFO: [Synth 8-6157] synthesizing module 'axi_protocol_converter_v2_1_24_b2s_rd_cmd_fsm' [g:/source/board/cnn_vivado/cnn_vivado.gen/sources_1/bd/design_1/ipshared/6e0d/hdl/axi_protocol_converter_v2_1_vl_rfs.v:3334]
INFO: [Synth 8-226] default block is never used [g:/source/board/cnn_vivado/cnn_vivado.gen/sources_1/bd/design_1/ipshared/6e0d/hdl/axi_protocol_converter_v2_1_vl_rfs.v:3395]
INFO: [Synth 8-6155] done synthesizing module 'axi_protocol_converter_v2_1_24_b2s_rd_cmd_fsm' (8#1) [g:/source/board/cnn_vivado/cnn_vivado.gen/sources_1/bd/design_1/ipshared/6e0d/hdl/axi_protocol_converter_v2_1_vl_rfs.v:3334]
INFO: [Synth 8-6155] done synthesizing module 'axi_protocol_converter_v2_1_24_b2s_ar_channel' (9#1) [g:/source/board/cnn_vivado/cnn_vivado.gen/sources_1/bd/design_1/ipshared/6e0d/hdl/axi_protocol_converter_v2_1_vl_rfs.v:4082]
INFO: [Synth 8-6157] synthesizing module 'axi_protocol_converter_v2_1_24_b2s_r_channel' [g:/source/board/cnn_vivado/cnn_vivado.gen/sources_1/bd/design_1/ipshared/6e0d/hdl/axi_protocol_converter_v2_1_vl_rfs.v:3811]
INFO: [Synth 8-6157] synthesizing module 'axi_protocol_converter_v2_1_24_b2s_simple_fifo__parameterized1' [g:/source/board/cnn_vivado/cnn_vivado.gen/sources_1/bd/design_1/ipshared/6e0d/hdl/axi_protocol_converter_v2_1_vl_rfs.v:2816]
INFO: [Synth 8-6155] done synthesizing module 'axi_protocol_converter_v2_1_24_b2s_simple_fifo__parameterized1' (9#1) [g:/source/board/cnn_vivado/cnn_vivado.gen/sources_1/bd/design_1/ipshared/6e0d/hdl/axi_protocol_converter_v2_1_vl_rfs.v:2816]
INFO: [Synth 8-6157] synthesizing module 'axi_protocol_converter_v2_1_24_b2s_simple_fifo__parameterized2' [g:/source/board/cnn_vivado/cnn_vivado.gen/sources_1/bd/design_1/ipshared/6e0d/hdl/axi_protocol_converter_v2_1_vl_rfs.v:2816]
INFO: [Synth 8-6155] done synthesizing module 'axi_protocol_converter_v2_1_24_b2s_simple_fifo__parameterized2' (9#1) [g:/source/board/cnn_vivado/cnn_vivado.gen/sources_1/bd/design_1/ipshared/6e0d/hdl/axi_protocol_converter_v2_1_vl_rfs.v:2816]
INFO: [Synth 8-6155] done synthesizing module 'axi_protocol_converter_v2_1_24_b2s_r_channel' (10#1) [g:/source/board/cnn_vivado/cnn_vivado.gen/sources_1/bd/design_1/ipshared/6e0d/hdl/axi_protocol_converter_v2_1_vl_rfs.v:3811]
INFO: [Synth 8-6157] synthesizing module 'axi_register_slice_v2_1_24_axi_register_slice' [g:/source/board/cnn_vivado/cnn_vivado.gen/sources_1/bd/design_1/ipshared/8f68/hdl/axi_register_slice_v2_1_vl_rfs.v:3726]
INFO: [Synth 8-6157] synthesizing module 'axi_infrastructure_v1_1_0_axi2vector' [g:/source/board/cnn_vivado/cnn_vivado.gen/sources_1/bd/design_1/ipshared/ec67/hdl/axi_infrastructure_v1_1_vl_rfs.v:60]
INFO: [Synth 8-6155] done synthesizing module 'axi_infrastructure_v1_1_0_axi2vector' (11#1) [g:/source/board/cnn_vivado/cnn_vivado.gen/sources_1/bd/design_1/ipshared/ec67/hdl/axi_infrastructure_v1_1_vl_rfs.v:60]
INFO: [Synth 8-6157] synthesizing module 'axi_infrastructure_v1_1_0_vector2axi' [g:/source/board/cnn_vivado/cnn_vivado.gen/sources_1/bd/design_1/ipshared/ec67/hdl/axi_infrastructure_v1_1_vl_rfs.v:474]
INFO: [Synth 8-6155] done synthesizing module 'axi_infrastructure_v1_1_0_vector2axi' (12#1) [g:/source/board/cnn_vivado/cnn_vivado.gen/sources_1/bd/design_1/ipshared/ec67/hdl/axi_infrastructure_v1_1_vl_rfs.v:474]
INFO: [Synth 8-6157] synthesizing module 'axi_register_slice_v2_1_24_axic_register_slice' [g:/source/board/cnn_vivado/cnn_vivado.gen/sources_1/bd/design_1/ipshared/8f68/hdl/axi_register_slice_v2_1_vl_rfs.v:1498]
INFO: [Synth 8-6155] done synthesizing module 'axi_register_slice_v2_1_24_axic_register_slice' (13#1) [g:/source/board/cnn_vivado/cnn_vivado.gen/sources_1/bd/design_1/ipshared/8f68/hdl/axi_register_slice_v2_1_vl_rfs.v:1498]
INFO: [Synth 8-6157] synthesizing module 'axi_register_slice_v2_1_24_axic_register_slice__parameterized0' [g:/source/board/cnn_vivado/cnn_vivado.gen/sources_1/bd/design_1/ipshared/8f68/hdl/axi_register_slice_v2_1_vl_rfs.v:1498]
INFO: [Synth 8-6155] done synthesizing module 'axi_register_slice_v2_1_24_axic_register_slice__parameterized0' (13#1) [g:/source/board/cnn_vivado/cnn_vivado.gen/sources_1/bd/design_1/ipshared/8f68/hdl/axi_register_slice_v2_1_vl_rfs.v:1498]
INFO: [Synth 8-6157] synthesizing module 'axi_register_slice_v2_1_24_axic_register_slice__parameterized1' [g:/source/board/cnn_vivado/cnn_vivado.gen/sources_1/bd/design_1/ipshared/8f68/hdl/axi_register_slice_v2_1_vl_rfs.v:1498]
INFO: [Synth 8-6155] done synthesizing module 'axi_register_slice_v2_1_24_axic_register_slice__parameterized1' (13#1) [g:/source/board/cnn_vivado/cnn_vivado.gen/sources_1/bd/design_1/ipshared/8f68/hdl/axi_register_slice_v2_1_vl_rfs.v:1498]
INFO: [Synth 8-6157] synthesizing module 'axi_register_slice_v2_1_24_axic_register_slice__parameterized2' [g:/source/board/cnn_vivado/cnn_vivado.gen/sources_1/bd/design_1/ipshared/8f68/hdl/axi_register_slice_v2_1_vl_rfs.v:1498]
INFO: [Synth 8-6155] done synthesizing module 'axi_register_slice_v2_1_24_axic_register_slice__parameterized2' (13#1) [g:/source/board/cnn_vivado/cnn_vivado.gen/sources_1/bd/design_1/ipshared/8f68/hdl/axi_register_slice_v2_1_vl_rfs.v:1498]
INFO: [Synth 8-6155] done synthesizing module 'axi_register_slice_v2_1_24_axi_register_slice' (14#1) [g:/source/board/cnn_vivado/cnn_vivado.gen/sources_1/bd/design_1/ipshared/8f68/hdl/axi_register_slice_v2_1_vl_rfs.v:3726]
WARNING: [Synth 8-7071] port 'aclk2x' of module 'axi_register_slice_v2_1_24_axi_register_slice' is unconnected for instance 'SI_REG' [g:/source/board/cnn_vivado/cnn_vivado.gen/sources_1/bd/design_1/ipshared/6e0d/hdl/axi_protocol_converter_v2_1_vl_rfs.v:4392]
WARNING: [Synth 8-7023] instance 'SI_REG' of module 'axi_register_slice_v2_1_24_axi_register_slice' has 93 connections declared, but only 92 given [g:/source/board/cnn_vivado/cnn_vivado.gen/sources_1/bd/design_1/ipshared/6e0d/hdl/axi_protocol_converter_v2_1_vl_rfs.v:4392]
INFO: [Synth 8-6157] synthesizing module 'axi_register_slice_v2_1_24_axi_register_slice__parameterized0' [g:/source/board/cnn_vivado/cnn_vivado.gen/sources_1/bd/design_1/ipshared/8f68/hdl/axi_register_slice_v2_1_vl_rfs.v:3726]
INFO: [Synth 8-6157] synthesizing module 'axi_infrastructure_v1_1_0_axi2vector__parameterized0' [g:/source/board/cnn_vivado/cnn_vivado.gen/sources_1/bd/design_1/ipshared/ec67/hdl/axi_infrastructure_v1_1_vl_rfs.v:60]
INFO: [Synth 8-6155] done synthesizing module 'axi_infrastructure_v1_1_0_axi2vector__parameterized0' (14#1) [g:/source/board/cnn_vivado/cnn_vivado.gen/sources_1/bd/design_1/ipshared/ec67/hdl/axi_infrastructure_v1_1_vl_rfs.v:60]
INFO: [Synth 8-6157] synthesizing module 'axi_infrastructure_v1_1_0_vector2axi__parameterized0' [g:/source/board/cnn_vivado/cnn_vivado.gen/sources_1/bd/design_1/ipshared/ec67/hdl/axi_infrastructure_v1_1_vl_rfs.v:474]
INFO: [Synth 8-6155] done synthesizing module 'axi_infrastructure_v1_1_0_vector2axi__parameterized0' (14#1) [g:/source/board/cnn_vivado/cnn_vivado.gen/sources_1/bd/design_1/ipshared/ec67/hdl/axi_infrastructure_v1_1_vl_rfs.v:474]
INFO: [Synth 8-6157] synthesizing module 'axi_register_slice_v2_1_24_axic_register_slice__parameterized3' [g:/source/board/cnn_vivado/cnn_vivado.gen/sources_1/bd/design_1/ipshared/8f68/hdl/axi_register_slice_v2_1_vl_rfs.v:1498]
INFO: [Synth 8-6155] done synthesizing module 'axi_register_slice_v2_1_24_axic_register_slice__parameterized3' (14#1) [g:/source/board/cnn_vivado/cnn_vivado.gen/sources_1/bd/design_1/ipshared/8f68/hdl/axi_register_slice_v2_1_vl_rfs.v:1498]
INFO: [Synth 8-6157] synthesizing module 'axi_register_slice_v2_1_24_axic_register_slice__parameterized4' [g:/source/board/cnn_vivado/cnn_vivado.gen/sources_1/bd/design_1/ipshared/8f68/hdl/axi_register_slice_v2_1_vl_rfs.v:1498]
INFO: [Synth 8-6155] done synthesizing module 'axi_register_slice_v2_1_24_axic_register_slice__parameterized4' (14#1) [g:/source/board/cnn_vivado/cnn_vivado.gen/sources_1/bd/design_1/ipshared/8f68/hdl/axi_register_slice_v2_1_vl_rfs.v:1498]
INFO: [Synth 8-6157] synthesizing module 'axi_register_slice_v2_1_24_axic_register_slice__parameterized5' [g:/source/board/cnn_vivado/cnn_vivado.gen/sources_1/bd/design_1/ipshared/8f68/hdl/axi_register_slice_v2_1_vl_rfs.v:1498]
INFO: [Synth 8-6155] done synthesizing module 'axi_register_slice_v2_1_24_axic_register_slice__parameterized5' (14#1) [g:/source/board/cnn_vivado/cnn_vivado.gen/sources_1/bd/design_1/ipshared/8f68/hdl/axi_register_slice_v2_1_vl_rfs.v:1498]
INFO: [Synth 8-6157] synthesizing module 'axi_register_slice_v2_1_24_axic_register_slice__parameterized6' [g:/source/board/cnn_vivado/cnn_vivado.gen/sources_1/bd/design_1/ipshared/8f68/hdl/axi_register_slice_v2_1_vl_rfs.v:1498]
INFO: [Synth 8-6155] done synthesizing module 'axi_register_slice_v2_1_24_axic_register_slice__parameterized6' (14#1) [g:/source/board/cnn_vivado/cnn_vivado.gen/sources_1/bd/design_1/ipshared/8f68/hdl/axi_register_slice_v2_1_vl_rfs.v:1498]
INFO: [Synth 8-6155] done synthesizing module 'axi_register_slice_v2_1_24_axi_register_slice__parameterized0' (14#1) [g:/source/board/cnn_vivado/cnn_vivado.gen/sources_1/bd/design_1/ipshared/8f68/hdl/axi_register_slice_v2_1_vl_rfs.v:3726]
WARNING: [Synth 8-7071] port 'aclk2x' of module 'axi_register_slice_v2_1_24_axi_register_slice' is unconnected for instance 'MI_REG' [g:/source/board/cnn_vivado/cnn_vivado.gen/sources_1/bd/design_1/ipshared/6e0d/hdl/axi_protocol_converter_v2_1_vl_rfs.v:4647]
WARNING: [Synth 8-7023] instance 'MI_REG' of module 'axi_register_slice_v2_1_24_axi_register_slice' has 93 connections declared, but only 92 given [g:/source/board/cnn_vivado/cnn_vivado.gen/sources_1/bd/design_1/ipshared/6e0d/hdl/axi_protocol_converter_v2_1_vl_rfs.v:4647]
INFO: [Synth 8-6155] done synthesizing module 'axi_protocol_converter_v2_1_24_b2s' (15#1) [g:/source/board/cnn_vivado/cnn_vivado.gen/sources_1/bd/design_1/ipshared/6e0d/hdl/axi_protocol_converter_v2_1_vl_rfs.v:4226]
INFO: [Synth 8-6155] done synthesizing module 'axi_protocol_converter_v2_1_24_axi_protocol_converter' (16#1) [g:/source/board/cnn_vivado/cnn_vivado.gen/sources_1/bd/design_1/ipshared/6e0d/hdl/axi_protocol_converter_v2_1_vl_rfs.v:4808]
INFO: [Synth 8-6155] done synthesizing module 'design_1_auto_pc_0' (17#1) [g:/source/board/cnn_vivado/cnn_vivado.gen/sources_1/bd/design_1/ip/design_1_auto_pc_0/synth/design_1_auto_pc_0.v:58]
---------------------------------------------------------------------------------
Finished RTL Elaboration : Time (s): cpu = 00:00:18 ; elapsed = 00:00:29 . Memory (MB): peak = 1746.203 ; gain = 290.523
---------------------------------------------------------------------------------
---------------------------------------------------------------------------------
Start Handling Custom Attributes
---------------------------------------------------------------------------------
---------------------------------------------------------------------------------
Finished Handling Custom Attributes : Time (s): cpu = 00:00:19 ; elapsed = 00:00:30 . Memory (MB): peak = 1746.203 ; gain = 290.523
---------------------------------------------------------------------------------
---------------------------------------------------------------------------------
Finished RTL Optimization Phase 1 : Time (s): cpu = 00:00:19 ; elapsed = 00:00:30 . Memory (MB): peak = 1746.203 ; gain = 290.523
---------------------------------------------------------------------------------
Netlist sorting complete. Time (s): cpu = 00:00:01 ; elapsed = 00:00:00.093 . Memory (MB): peak = 1746.203 ; gain = 0.000
INFO: [Project 1-570] Preparing netlist for logic optimization

Processing XDC Constraints
Initializing timing engine
Parsing XDC File [g:/source/board/cnn_vivado/cnn_vivado.gen/sources_1/bd/design_1/ip/design_1_auto_pc_0/design_1_auto_pc_0_ooc.xdc] for cell 'inst'
create_clock: Time (s): cpu = 00:00:05 ; elapsed = 00:00:31 . Memory (MB): peak = 1832.484 ; gain = 2.543
Finished Parsing XDC File [g:/source/board/cnn_vivado/cnn_vivado.gen/sources_1/bd/design_1/ip/design_1_auto_pc_0/design_1_auto_pc_0_ooc.xdc] for cell 'inst'
Parsing XDC File [G:/source/board/cnn_vivado/cnn_vivado.runs/design_1_auto_pc_0_synth_1/dont_touch.xdc]
Finished Parsing XDC File [G:/source/board/cnn_vivado/cnn_vivado.runs/design_1_auto_pc_0_synth_1/dont_touch.xdc]
Completed Processing XDC Constraints

Netlist sorting complete. Time (s): cpu = 00:00:00 ; elapsed = 00:00:00.001 . Memory (MB): peak = 1832.484 ; gain = 0.000
INFO: [Project 1-111] Unisim Transformation Summary:
No Unisim elements were transformed.

Constraint Validation Runtime : Time (s): cpu = 00:00:00 ; elapsed = 00:00:03 . Memory (MB): peak = 1832.484 ; gain = 0.000
---------------------------------------------------------------------------------
Finished Constraint Validation : Time (s): cpu = 00:00:34 ; elapsed = 00:02:08 . Memory (MB): peak = 1832.484 ; gain = 376.805
---------------------------------------------------------------------------------
---------------------------------------------------------------------------------
Start Loading Part and Timing Information
---------------------------------------------------------------------------------
Loading part: xck26-sfvc784-2LV-c
INFO: [Synth 8-6742] Reading net delay rules and data
---------------------------------------------------------------------------------
Finished Loading Part and Timing Information : Time (s): cpu = 00:00:34 ; elapsed = 00:02:10 . Memory (MB): peak = 1832.484 ; gain = 376.805
---------------------------------------------------------------------------------
---------------------------------------------------------------------------------
Start Applying 'set_property' XDC Constraints
---------------------------------------------------------------------------------
Applied set_property KEEP_HIERARCHY = SOFT for inst. (constraint file  G:/source/board/cnn_vivado/cnn_vivado.runs/design_1_auto_pc_0_synth_1/dont_touch.xdc, line 9).
---------------------------------------------------------------------------------
Finished applying 'set_property' XDC Constraints : Time (s): cpu = 00:00:34 ; elapsed = 00:02:12 . Memory (MB): peak = 1832.484 ; gain = 376.805
---------------------------------------------------------------------------------
INFO: [Synth 8-802] inferred FSM for state register 'state_reg' in module 'axi_protocol_converter_v2_1_24_b2s_wr_cmd_fsm'
INFO: [Synth 8-802] inferred FSM for state register 'state_reg' in module 'axi_protocol_converter_v2_1_24_b2s_rd_cmd_fsm'
---------------------------------------------------------------------------------------------------
                   State |                     New Encoding |                Previous Encoding 
---------------------------------------------------------------------------------------------------
                 SM_IDLE |                               01 |                               00
               SM_CMD_EN |                               11 |                               01
         SM_CMD_ACCEPTED |                               10 |                               10
            SM_DONE_WAIT |                               00 |                               11
---------------------------------------------------------------------------------------------------
INFO: [Synth 8-3354] encoded FSM with state register 'state_reg' using encoding 'sequential' in module 'axi_protocol_converter_v2_1_24_b2s_wr_cmd_fsm'
---------------------------------------------------------------------------------------------------
                   State |                     New Encoding |                Previous Encoding 
---------------------------------------------------------------------------------------------------
                 SM_IDLE |                               01 |                               00
               SM_CMD_EN |                               11 |                               01
         SM_CMD_ACCEPTED |                               10 |                               10
                 SM_DONE |                               00 |                               11
---------------------------------------------------------------------------------------------------
INFO: [Synth 8-3354] encoded FSM with state register 'state_reg' using encoding 'sequential' in module 'axi_protocol_converter_v2_1_24_b2s_rd_cmd_fsm'
---------------------------------------------------------------------------------
Finished RTL Optimization Phase 2 : Time (s): cpu = 00:00:35 ; elapsed = 00:02:16 . Memory (MB): peak = 1832.484 ; gain = 376.805
---------------------------------------------------------------------------------
---------------------------------------------------------------------------------
Start RTL Component Statistics 
---------------------------------------------------------------------------------
Detailed RTL Component Info : 
+---Adders : 
	   2 Input   12 Bit       Adders := 8     
	   2 Input    9 Bit       Adders := 2     
	   2 Input    8 Bit       Adders := 1     
	   2 Input    5 Bit       Adders := 4     
	   2 Input    4 Bit       Adders := 4     
	   2 Input    2 Bit       Adders := 2     
+---Registers : 
	               70 Bit    Registers := 4     
	               36 Bit    Registers := 2     
	               12 Bit    Registers := 6     
	                9 Bit    Registers := 2     
	                8 Bit    Registers := 2     
	                5 Bit    Registers := 4     
	                4 Bit    Registers := 6     
	                3 Bit    Registers := 2     
	                2 Bit    Registers := 7     
	                1 Bit    Registers := 31    
+---Muxes : 
	   2 Input   70 Bit        Muxes := 4     
	   2 Input   40 Bit        Muxes := 8     
	   2 Input   36 Bit        Muxes := 2     
	   2 Input   12 Bit        Muxes := 6     
	   2 Input    9 Bit        Muxes := 4     
	   2 Input    5 Bit        Muxes := 4     
	   2 Input    4 Bit        Muxes := 18    
	   2 Input    3 Bit        Muxes := 2     
	   2 Input    2 Bit        Muxes := 17    
	   4 Input    2 Bit        Muxes := 4     
	   2 Input    1 Bit        Muxes := 29    
---------------------------------------------------------------------------------
Finished RTL Component Statistics 
---------------------------------------------------------------------------------
---------------------------------------------------------------------------------
Start Part Resource Summary
---------------------------------------------------------------------------------
Part Resources:
DSPs: 1248 (col length:96)
BRAMs: 288 (col length: RAMB18 96 RAMB36 48)
---------------------------------------------------------------------------------
Finished Part Resource Summary
---------------------------------------------------------------------------------
---------------------------------------------------------------------------------
Start Cross Boundary and Area Optimization
---------------------------------------------------------------------------------
---------------------------------------------------------------------------------
Finished Cross Boundary and Area Optimization : Time (s): cpu = 00:00:38 ; elapsed = 00:02:21 . Memory (MB): peak = 1832.484 ; gain = 376.805
---------------------------------------------------------------------------------
---------------------------------------------------------------------------------
Start Applying XDC Timing Constraints
---------------------------------------------------------------------------------
---------------------------------------------------------------------------------
Finished Applying XDC Timing Constraints : Time (s): cpu = 00:00:52 ; elapsed = 00:02:51 . Memory (MB): peak = 2311.164 ; gain = 855.484
---------------------------------------------------------------------------------
---------------------------------------------------------------------------------
Start Timing Optimization
---------------------------------------------------------------------------------
---------------------------------------------------------------------------------
Finished Timing Optimization : Time (s): cpu = 00:00:55 ; elapsed = 00:02:55 . Memory (MB): peak = 2390.867 ; gain = 935.188
---------------------------------------------------------------------------------
---------------------------------------------------------------------------------
Start Technology Mapping
---------------------------------------------------------------------------------
---------------------------------------------------------------------------------
Finished Technology Mapping : Time (s): cpu = 00:00:55 ; elapsed = 00:02:55 . Memory (MB): peak = 2392.820 ; gain = 937.141
---------------------------------------------------------------------------------
---------------------------------------------------------------------------------
Start IO Insertion
---------------------------------------------------------------------------------
---------------------------------------------------------------------------------
Start Flattening Before IO Insertion
---------------------------------------------------------------------------------
---------------------------------------------------------------------------------
Finished Flattening Before IO Insertion
---------------------------------------------------------------------------------
---------------------------------------------------------------------------------
Start Final Netlist Cleanup
---------------------------------------------------------------------------------
---------------------------------------------------------------------------------
Finished Final Netlist Cleanup
---------------------------------------------------------------------------------
---------------------------------------------------------------------------------
Finished IO Insertion : Time (s): cpu = 00:00:59 ; elapsed = 00:02:59 . Memory (MB): peak = 2392.820 ; gain = 937.141
---------------------------------------------------------------------------------
---------------------------------------------------------------------------------
Start Renaming Generated Instances
---------------------------------------------------------------------------------
---------------------------------------------------------------------------------
Finished Renaming Generated Instances : Time (s): cpu = 00:00:59 ; elapsed = 00:02:59 . Memory (MB): peak = 2392.820 ; gain = 937.141
---------------------------------------------------------------------------------
---------------------------------------------------------------------------------
Start Rebuilding User Hierarchy
---------------------------------------------------------------------------------
---------------------------------------------------------------------------------
Finished Rebuilding User Hierarchy : Time (s): cpu = 00:00:59 ; elapsed = 00:03:00 . Memory (MB): peak = 2392.820 ; gain = 937.141
---------------------------------------------------------------------------------
---------------------------------------------------------------------------------
Start Renaming Generated Ports
---------------------------------------------------------------------------------
---------------------------------------------------------------------------------
Finished Renaming Generated Ports : Time (s): cpu = 00:00:59 ; elapsed = 00:03:00 . Memory (MB): peak = 2392.820 ; gain = 937.141
---------------------------------------------------------------------------------
---------------------------------------------------------------------------------
Start Handling Custom Attributes
---------------------------------------------------------------------------------
---------------------------------------------------------------------------------
Finished Handling Custom Attributes : Time (s): cpu = 00:00:59 ; elapsed = 00:03:00 . Memory (MB): peak = 2392.820 ; gain = 937.141
---------------------------------------------------------------------------------
---------------------------------------------------------------------------------
Start Renaming Generated Nets
---------------------------------------------------------------------------------
---------------------------------------------------------------------------------
Finished Renaming Generated Nets : Time (s): cpu = 00:00:59 ; elapsed = 00:03:00 . Memory (MB): peak = 2392.820 ; gain = 937.141
---------------------------------------------------------------------------------
---------------------------------------------------------------------------------
Start ROM, RAM, DSP, Shift Register and Retiming Reporting
---------------------------------------------------------------------------------

Dynamic Shift Register Report:
+------------+----------------+--------+------------+--------+---------+--------+--------+--------+
|Module Name | RTL Name       | Length | Data Width | SRL16E | SRLC32E | Mux F7 | Mux F8 | Mux F9 | 
+------------+----------------+--------+------------+--------+---------+--------+--------+--------+
|dsrl        | memory_reg[3]  | 9      | 9          | 9      | 0       | 0      | 0      | 0      | 
|dsrl__1     | memory_reg[3]  | 2      | 2          | 2      | 0       | 0      | 0      | 0      | 
|dsrl__2     | memory_reg[31] | 34     | 34         | 0      | 34      | 0      | 0      | 0      | 
|dsrl__3     | memory_reg[31] | 2      | 2          | 0      | 2       | 0      | 0      | 0      | 
+------------+----------------+--------+------------+--------+---------+--------+--------+--------+

---------------------------------------------------------------------------------
Finished ROM, RAM, DSP, Shift Register and Retiming Reporting
---------------------------------------------------------------------------------
---------------------------------------------------------------------------------
Start Writing Synthesis Report
---------------------------------------------------------------------------------

Report BlackBoxes: 
+-+--------------+----------+
| |BlackBox name |Instances |
+-+--------------+----------+
+-+--------------+----------+

Report Cell Usage: 
+------+--------+------+
|      |Cell    |Count |
+------+--------+------+
|1     |LUT1    |     8|
|2     |LUT2    |    34|
|3     |LUT3    |   173|
|4     |LUT4    |    49|
|5     |LUT5    |    66|
|6     |LUT6    |   167|
|7     |MUXF7   |     2|
|8     |SRL16E  |    10|
|9     |SRLC32E |    35|
|10    |FDRE    |   465|
|11    |FDSE    |    16|
+------+--------+------+
---------------------------------------------------------------------------------
Finished Writing Synthesis Report : Time (s): cpu = 00:00:59 ; elapsed = 00:03:00 . Memory (MB): peak = 2392.820 ; gain = 937.141
---------------------------------------------------------------------------------
Synthesis finished with 0 errors, 0 critical warnings and 0 warnings.
Synthesis Optimization Runtime : Time (s): cpu = 00:00:32 ; elapsed = 00:01:34 . Memory (MB): peak = 2392.820 ; gain = 850.859
Synthesis Optimization Complete : Time (s): cpu = 00:01:00 ; elapsed = 00:03:01 . Memory (MB): peak = 2392.820 ; gain = 937.141
INFO: [Project 1-571] Translating synthesized netlist
Netlist sorting complete. Time (s): cpu = 00:00:00 ; elapsed = 00:00:00.333 . Memory (MB): peak = 2396.660 ; gain = 0.000
INFO: [Netlist 29-17] Analyzing 2 Unisim elements for replacement
INFO: [Netlist 29-28] Unisim Transformation completed in 0 CPU seconds
INFO: [Project 1-570] Preparing netlist for logic optimization
INFO: [Opt 31-138] Pushed 0 inverter(s) to 0 load pin(s).
Netlist sorting complete. Time (s): cpu = 00:00:00 ; elapsed = 00:00:00.001 . Memory (MB): peak = 2417.570 ; gain = 0.000
INFO: [Project 1-111] Unisim Transformation Summary:
No Unisim elements were transformed.

Synth Design complete, checksum: 38b67135
INFO: [Common 17-83] Releasing license: Synthesis
84 Infos, 4 Warnings, 0 Critical Warnings and 0 Errors encountered.
synth_design completed successfully
synth_design: Time (s): cpu = 00:01:10 ; elapsed = 00:04:22 . Memory (MB): peak = 2417.570 ; gain = 1217.320
INFO: [Common 17-1381] The checkpoint 'G:/source/board/cnn_vivado/cnn_vivado.runs/design_1_auto_pc_0_synth_1/design_1_auto_pc_0.dcp' has been generated.
write_checkpoint: Time (s): cpu = 00:00:01 ; elapsed = 00:00:08 . Memory (MB): peak = 2417.570 ; gain = 0.000
INFO: [Coretcl 2-1648] Added synthesis output to IP cache for IP design_1_auto_pc_0, cache-ID = 028c1b77a29338d6
config_ip_cache: Time (s): cpu = 00:00:00 ; elapsed = 00:00:06 . Memory (MB): peak = 2417.570 ; gain = 0.000
INFO: [Coretcl 2-1174] Renamed 23 cell refs.
INFO: [Common 17-1381] The checkpoint 'G:/source/board/cnn_vivado/cnn_vivado.runs/design_1_auto_pc_0_synth_1/design_1_auto_pc_0.dcp' has been generated.
INFO: [runtcl-4] Executing : report_utilization -file design_1_auto_pc_0_utilization_synth.rpt -pb design_1_auto_pc_0_utilization_synth.pb
INFO: [Common 17-206] Exiting Vivado at Wed Mar 30 17:07:28 2022...
